/var/lib/gems/2.5.0/gems/activesupport-4.2.8/lib/active_support/dependencies.rb:274:in `require': cannot load such file -- rack/handler/nohup (LoadError)
	from /var/lib/gems/2.5.0/gems/activesupport-4.2.8/lib/active_support/dependencies.rb:274:in `block in require'
	from /var/lib/gems/2.5.0/gems/activesupport-4.2.8/lib/active_support/dependencies.rb:240:in `load_dependency'
	from /var/lib/gems/2.5.0/gems/activesupport-4.2.8/lib/active_support/dependencies.rb:274:in `require'
	from /var/lib/gems/2.5.0/gems/rack-1.6.11/lib/rack/handler.rb:90:in `try_require'
	from /var/lib/gems/2.5.0/gems/rack-1.6.11/lib/rack/handler.rb:16:in `get'
	from /var/lib/gems/2.5.0/gems/rack-1.6.11/lib/rack/server.rb:291:in `server'
	from /var/lib/gems/2.5.0/gems/railties-4.2.8/lib/rails/commands/server.rb:125:in `print_boot_information'
	from /var/lib/gems/2.5.0/gems/railties-4.2.8/lib/rails/commands/server.rb:75:in `start'
	from /var/lib/gems/2.5.0/gems/railties-4.2.8/lib/rails/commands/commands_tasks.rb:80:in `block in server'
	from /var/lib/gems/2.5.0/gems/railties-4.2.8/lib/rails/commands/commands_tasks.rb:75:in `tap'
	from /var/lib/gems/2.5.0/gems/railties-4.2.8/lib/rails/commands/commands_tasks.rb:75:in `server'
	from /var/lib/gems/2.5.0/gems/railties-4.2.8/lib/rails/commands/commands_tasks.rb:39:in `run_command!'
	from /var/lib/gems/2.5.0/gems/railties-4.2.8/lib/rails/commands.rb:17:in `<top (required)>'
	from bin/rails:4:in `require'
	from bin/rails:4:in `<main>'
Exiting
/var/lib/gems/2.5.0/gems/activesupport-4.2.8/lib/active_support/dependencies.rb:274:in `require': cannot load such file -- rack/handler/home/deploy/log.txt (LoadError)
	from /var/lib/gems/2.5.0/gems/activesupport-4.2.8/lib/active_support/dependencies.rb:274:in `block in require'
	from /var/lib/gems/2.5.0/gems/activesupport-4.2.8/lib/active_support/dependencies.rb:240:in `load_dependency'
	from /var/lib/gems/2.5.0/gems/activesupport-4.2.8/lib/active_support/dependencies.rb:274:in `require'
	from /var/lib/gems/2.5.0/gems/rack-1.6.11/lib/rack/handler.rb:90:in `try_require'
	from /var/lib/gems/2.5.0/gems/rack-1.6.11/lib/rack/handler.rb:16:in `get'
	from /var/lib/gems/2.5.0/gems/rack-1.6.11/lib/rack/server.rb:291:in `server'
	from /var/lib/gems/2.5.0/gems/railties-4.2.8/lib/rails/commands/server.rb:125:in `print_boot_information'
	from /var/lib/gems/2.5.0/gems/railties-4.2.8/lib/rails/commands/server.rb:75:in `start'
	from /var/lib/gems/2.5.0/gems/railties-4.2.8/lib/rails/commands/commands_tasks.rb:80:in `block in server'
	from /var/lib/gems/2.5.0/gems/railties-4.2.8/lib/rails/commands/commands_tasks.rb:75:in `tap'
	from /var/lib/gems/2.5.0/gems/railties-4.2.8/lib/rails/commands/commands_tasks.rb:75:in `server'
	from /var/lib/gems/2.5.0/gems/railties-4.2.8/lib/rails/commands/commands_tasks.rb:39:in `run_command!'
	from /var/lib/gems/2.5.0/gems/railties-4.2.8/lib/rails/commands.rb:17:in `<top (required)>'
	from bin/rails:4:in `require'
	from bin/rails:4:in `<main>'
Exiting
